#
# There is insufficient memory for the Java Runtime Environment to continue.
# Native memory allocation (mmap) failed to map 100663296 bytes for G1 virtual space
# Possible reasons:
#   The system is out of physical RAM or swap space
#   The process is running with CompressedOops enabled, and the Java Heap may be blocking the growth of the native heap
# Possible solutions:
#   Reduce memory load on the system
#   Increase physical memory or swap space
#   Check if swap backing store is full
#   Decrease Java heap size (-Xmx/-Xms)
#   Decrease number of Java threads
#   Decrease Java thread stack sizes (-Xss)
#   Set larger code cache with -XX:ReservedCodeCacheSize=
#   JVM is running with Unscaled Compressed Oops mode in which the Java heap is
#     placed in the first 4GB address space. The Java Heap base address is the
#     maximum limit for the native heap growth. Please use -XX:HeapBaseMinAddress
#     to set the Java Heap base and to place the Java Heap above 4GB virtual address.
# This output file may be truncated or incomplete.
#
#  Out of Memory Error (os_windows.cpp:3528), pid=13728, tid=2484
#
# JRE version:  (20.0.2+9) (build )
# Java VM: Java HotSpot(TM) 64-Bit Server VM (20.0.2+9-78, mixed mode, sharing, tiered, compressed oops, compressed class ptrs, g1 gc, windows-amd64)
# No core dump will be written. Minidumps are not enabled by default on client versions of Windows
#

---------------  S U M M A R Y ------------

Command Line: -XX:+ShowCodeDetailsInExceptionMessages collection.program1

Host: AMD Ryzen 5 3450U with Radeon Vega Mobile Gfx  , 8 cores, 5G,  Windows 11 , 64 bit Build 22621 (10.0.22621.3235)
Time: Thu Mar 14 18:27:46 2024 India Standard Time elapsed time: 0.032409 seconds (0d 0h 0m 0s)

---------------  T H R E A D  ---------------

Current thread (0x0000017bfe22e880):  JavaThread "Unknown thread" [_thread_in_vm, id=2484, stack(0x0000001d43600000,0x0000001d43700000)]

Stack: [0x0000001d43600000,0x0000001d43700000]
Native frames: (J=compiled Java code, j=interpreted, Vv=VM code, C=native code)
V  [jvm.dll+0x6bc25a]
V  [jvm.dll+0x84971a]
V  [jvm.dll+0x84b315]
V  [jvm.dll+0x84ba13]
V  [jvm.dll+0x280e4f]
V  [jvm.dll+0x6b8fe9]
V  [jvm.dll+0x6adbca]
V  [jvm.dll+0x35b165]
V  [jvm.dll+0x363386]
V  [jvm.dll+0x3b400e]
V  [jvm.dll+0x3b4295]
V  [jvm.dll+0x32b86a]
V  [jvm.dll+0x32c68b]
V  [jvm.dll+0x8123df]
V  [jvm.dll+0x3c1261]
V  [jvm.dll+0x7fe103]
V  [jvm.dll+0x44ccaf]
V  [jvm.dll+0x44e621]
C  [jli.dll+0x5287]
C  [ucrtbase.dll+0x29363]
C  [KERNEL32.DLL+0x1257d]
C  [ntdll.dll+0x5aa58]


---------------  P R O C E S S  ---------------

Threads class SMR info:
_java_thread_list=0x00007ffcd032b118, length=0, elements={
}

Java Threads: ( => current thread )

Other Threads:
  0x0000017bfe280920 WorkerThread "GC Thread#0" [stack: 0x0000001d43700000,0x0000001d43800000] [id=4408]
  0x0000017bfe28d560 ConcurrentGCThread "G1 Main Marker" [stack: 0x0000001d43800000,0x0000001d43900000] [id=16124]
  0x0000017bfe28dea0 WorkerThread "G1 Conc#0" [stack: 0x0000001d43900000,0x0000001d43a00000] [id=10892]

[error occurred during error reporting (printing all threads), id 0xc0000005, EXCEPTION_ACCESS_VIOLATION (0xc0000005) at pc=0x00007ffccfb0eea7]
VM state: not at safepoint (not fully initialized)

VM Mutex/Monitor currently owned by a thread:  ([mutex/lock_event])
[0x0000017bfc24d1b0] Heap_lock - owner thread: 0x0000017bfe22e880

Heap address: 0x00000000a1c00000, size: 1508 MB, Compressed Oops mode: 32-bit

CDS archive(s) mapped at: [0x0000000000000000-0x0000000000000000-0x0000000000000000), size 0, SharedBaseAddress: 0x0000000800000000, ArchiveRelocationMode: 1.
Narrow klass base: 0x0000000000000000, Narrow klass shift: 0, Narrow klass range: 0x0

GC Precious Log:
 CardTable entry size: 512
 Card Set container configuration: InlinePtr #cards 5 size 8 Array Of Cards #cards 12 size 40 Howl #buckets 4 coarsen threshold 1843 Howl Bitmap #cards 512 size 80 coarsen threshold 460 Card regions per heap region 1 cards per card region 2048

Heap:
 garbage-first heap   total 0K, used 0K [0x00000000a1c00000, 0x0000000100000000)
  region size 1024K, 0 young (0K), 0 survivors (0K)

[error occurred during error reporting (printing heap information), id 0xc0000005, EXCEPTION_ACCESS_VIOLATION (0xc0000005) at pc=0x00007ffccfee47b9]
GC Heap History (0 events):
No events

Dll operation events (1 events):
Event: 0.018 Loaded shared library C:\Program Files\Java\jdk-20\bin\java.dll

Deoptimization events (0 events):
No events

Classes loaded (0 events):
No events

Classes unloaded (0 events):
No events

Classes redefined (0 events):
No events

Internal exceptions (0 events):
No events

VM Operations (0 events):
No events

Events (0 events):
No events


Dynamic libraries:
0x00007ff69b510000 - 0x00007ff69b520000 	C:\Program Files\Java\jdk-20\bin\java.exe
0x00007ffd343d0000 - 0x00007ffd345e6000 	C:\WINDOWS\SYSTEM32\ntdll.dll
0x00007ffd332d0000 - 0x00007ffd33394000 	C:\WINDOWS\System32\KERNEL32.DLL
0x00007ffd319a0000 - 0x00007ffd31d46000 	C:\WINDOWS\System32\KERNELBASE.dll
0x00007ffd31880000 - 0x00007ffd31991000 	C:\WINDOWS\System32\ucrtbase.dll
0x00007ffd2c2b0000 - 0x00007ffd2c2cb000 	C:\Program Files\Java\jdk-20\bin\VCRUNTIME140.dll
0x00007ffd21ac0000 - 0x00007ffd21ad9000 	C:\Program Files\Java\jdk-20\bin\jli.dll
0x00007ffd33830000 - 0x00007ffd338e2000 	C:\WINDOWS\System32\ADVAPI32.dll
0x00007ffd33b90000 - 0x00007ffd33c37000 	C:\WINDOWS\System32\msvcrt.dll
0x00007ffd32fa0000 - 0x00007ffd33048000 	C:\WINDOWS\System32\sechost.dll
0x00007ffd317d0000 - 0x00007ffd317f8000 	C:\WINDOWS\System32\bcrypt.dll
0x00007ffd34270000 - 0x00007ffd34385000 	C:\WINDOWS\System32\RPCRT4.dll
0x00007ffd324e0000 - 0x00007ffd3268d000 	C:\WINDOWS\System32\USER32.dll
0x00007ffd02cf0000 - 0x00007ffd02f83000 	C:\WINDOWS\WinSxS\amd64_microsoft.windows.common-controls_6595b64144ccf1df_6.0.22621.3235_none_270f74e173860f98\COMCTL32.dll
0x00007ffd31d50000 - 0x00007ffd31d76000 	C:\WINDOWS\System32\win32u.dll
0x00007ffd34220000 - 0x00007ffd34249000 	C:\WINDOWS\System32\GDI32.dll
0x00007ffd31ef0000 - 0x00007ffd32008000 	C:\WINDOWS\System32\gdi32full.dll
0x00007ffd32010000 - 0x00007ffd320aa000 	C:\WINDOWS\System32\msvcp_win.dll
0x00007ffd2ab70000 - 0x00007ffd2ab7a000 	C:\WINDOWS\SYSTEM32\VERSION.dll
0x00007ffd33a00000 - 0x00007ffd33a31000 	C:\WINDOWS\System32\IMM32.DLL
0x00007ffd2a410000 - 0x00007ffd2a41c000 	C:\Program Files\Java\jdk-20\bin\vcruntime140_1.dll
0x00007ffcec670000 - 0x00007ffcec6fe000 	C:\Program Files\Java\jdk-20\bin\msvcp140.dll
0x00007ffccf7d0000 - 0x00007ffcd0468000 	C:\Program Files\Java\jdk-20\bin\server\jvm.dll
0x00007ffd28dd0000 - 0x00007ffd28e04000 	C:\WINDOWS\SYSTEM32\WINMM.dll
0x00007ffd197d0000 - 0x00007ffd197d9000 	C:\WINDOWS\SYSTEM32\WSOCK32.dll
0x00007ffd32120000 - 0x00007ffd32191000 	C:\WINDOWS\System32\WS2_32.dll
0x00007ffd30750000 - 0x00007ffd30768000 	C:\WINDOWS\SYSTEM32\kernel.appcore.dll
0x00007ffd29e90000 - 0x00007ffd29e9a000 	C:\Program Files\Java\jdk-20\bin\jimage.dll
0x00007ffd27ad0000 - 0x00007ffd27d03000 	C:\WINDOWS\SYSTEM32\DBGHELP.DLL
0x00007ffd333a0000 - 0x00007ffd33728000 	C:\WINDOWS\System32\combase.dll
0x00007ffd32240000 - 0x00007ffd32317000 	C:\WINDOWS\System32\OLEAUT32.dll
0x00007ffd26ed0000 - 0x00007ffd26f02000 	C:\WINDOWS\SYSTEM32\dbgcore.DLL
0x00007ffd31800000 - 0x00007ffd3187a000 	C:\WINDOWS\System32\bcryptPrimitives.dll
0x00007ffd00eb0000 - 0x00007ffd00ed6000 	C:\Program Files\Java\jdk-20\bin\java.dll

dbghelp: loaded successfully - version: 4.0.5 - missing functions: none
symbol engine: initialized successfully - sym options: 0x614 - pdb path: .;C:\Program Files\Java\jdk-20\bin;C:\WINDOWS\SYSTEM32;C:\WINDOWS\WinSxS\amd64_microsoft.windows.common-controls_6595b64144ccf1df_6.0.22621.3235_none_270f74e173860f98;C:\Program Files\Java\jdk-20\bin\server

VM Arguments:
jvm_args: -XX:+ShowCodeDetailsInExceptionMessages 
java_command: collection.program1
java_class_path (initial): C:\Users\DELL\AppData\Roaming\Code\User\workspaceStorage\1e282fe25eea617e6ce7878c8c809268\redhat.java\jdt_ws\GFG_759c7590\bin
Launcher Type: SUN_STANDARD

[Global flags]
     intx CICompilerCount                          = 4                                         {product} {ergonomic}
     uint ConcGCThreads                            = 2                                         {product} {ergonomic}
     uint G1ConcRefinementThreads                  = 8                                         {product} {ergonomic}
   size_t G1HeapRegionSize                         = 1048576                                   {product} {ergonomic}
    uintx GCDrainStackTargetSize                   = 64                                        {product} {ergonomic}
   size_t InitialHeapSize                          = 100663296                                 {product} {ergonomic}
   size_t MarkStackSize                            = 4194304                                   {product} {ergonomic}
   size_t MaxHeapSize                              = 1581252608                                {product} {ergonomic}
   size_t MinHeapDeltaBytes                        = 1048576                                   {product} {ergonomic}
   size_t MinHeapSize                              = 8388608                                   {product} {ergonomic}
    uintx NonNMethodCodeHeapSize                   = 5839372                                {pd product} {ergonomic}
    uintx NonProfiledCodeHeapSize                  = 122909434                              {pd product} {ergonomic}
    uintx ProfiledCodeHeapSize                     = 122909434                              {pd product} {ergonomic}
    uintx ReservedCodeCacheSize                    = 251658240                              {pd product} {ergonomic}
     bool SegmentedCodeCache                       = true                                      {product} {ergonomic}
     bool ShowCodeDetailsInExceptionMessages       = true                                   {manageable} {command line}
   size_t SoftMaxHeapSize                          = 1581252608                             {manageable} {ergonomic}
     bool UseCompressedClassPointers               = true                           {product lp64_product} {ergonomic}
     bool UseCompressedOops                        = true                           {product lp64_product} {ergonomic}
     bool UseG1GC                                  = true                                      {product} {ergonomic}
     bool UseLargePagesIndividualAllocation        = false                                  {pd product} {ergonomic}

Logging:
Log output configuration:
 #0: stdout all=warning uptime,level,tags foldmultilines=false
 #1: stderr all=off uptime,level,tags foldmultilines=false

Environment Variables:
JAVA_HOME=C:\Program Files\Java\jdk-20
PATH=C:\Program Files\Python38\Scripts\;C:\Program Files\Python38\;C:\app\DELL\product\21c\dbhomeXE\bin;C:\Program Files\Common Files\Oracle\Java\javapath;C:\WINDOWS\system32;C:\WINDOWS;C:\WINDOWS\System32\Wbem;C:\WINDOWS\System32\WindowsPowerShell\v1.0\;C:\WINDOWS\System32\OpenSSH\;C:\Program Files\dotnet\;C:\TDM-GCC-64\bin;C:\mingw32;C:\mingw32\bin;C:\ProgramData\chocolatey\bin;C:\Program Files\nodejs\;C:\Program Files\MySQL\MySQL Server 8.0\bin;C:\Program Files\Java\jdk-20\bin;C:\Program Files\Git\cmd;C:\Users\DELL\AppData\Local\Programs\Python\Python38\Scripts\;C:\Users\DELL\AppData\Local\Programs\Python\Python38\;C:\Users\DELL\AppData\Local\Programs\Python\Launcher\;C:\Program Files\MySQL\MySQL Shell 8.0\bin\;C:\Users\DELL\AppData\Local\Programs\Python\Python311\Scripts\;C:\Users\DELL\AppData\Local\Programs\Python\Python311\;C:\Users\DELL\AppData\Local\Microsoft\WindowsApps;C:\Users\DELL\AppData\Roaming\npm;C:\xampp\php;C:\Program Files\JetBrains\PyCharm 2023.3.2\bin;;C:\Program Files\JetBrains\PyCharm Edu 2022.2.2\bin;;C:\Users\DELL\AppData\Local\Programs\Python\Python311\python.exe;C:\Users\DELL\AppData\Local\Programs\Microsoft VS Code\bin
USERNAME=DELL
LANG=en_US.UTF-8
OS=Windows_NT
PROCESSOR_IDENTIFIER=AMD64 Family 23 Model 24 Stepping 1, AuthenticAMD
TMP=C:\Users\DELL\AppData\Local\Temp
TEMP=C:\Users\DELL\AppData\Local\Temp




---------------  S Y S T E M  ---------------

OS:
 Windows 11 , 64 bit Build 22621 (10.0.22621.3235)
OS uptime: 0 days 3:40 hours

CPU: total 8 (initial active 8) (8 cores per cpu, 2 threads per core) family 23 model 24 stepping 1 microcode 0x0, cx8, cmov, fxsr, ht, mmx, 3dnowpref, sse, sse2, sse3, ssse3, sse4a, sse4.1, sse4.2, popcnt, lzcnt, tsc, tscinvbit, avx, avx2, aes, clmul, bmi1, bmi2, adx, sha, fma, vzeroupper, clflush, clflushopt, rdtscp, f16c

Memory: 4k page, system-wide physical 6030M (210M free)
TotalPageFile size 24462M (AvailPageFile size 72M)
current process WorkingSet (physical memory assigned to process): 11M, peak: 11M
current process commit charge ("private bytes"): 60M, peak: 156M

vm_info: Java HotSpot(TM) 64-Bit Server VM (20.0.2+9-78) for windows-amd64 JRE (20.0.2+9-78), built on 2023-06-14T10:08:48Z by "mach5one" with MS VC++ 17.1 (VS2022)

END.
